#
# There is insufficient memory for the Java Runtime Environment to continue.
# Native memory allocation (mmap) failed to map 178913280 bytes for committing reserved memory.
# Possible reasons:
#   The system is out of physical RAM or swap space
#   In 32 bit mode, the process size limit was hit
# Possible solutions:
#   Reduce memory load on the system
#   Increase physical memory or swap space
#   Check if swap backing store is full
#   Use 64 bit Java on a 64 bit OS
#   Decrease Java heap size (-Xmx/-Xms)
#   Decrease number of Java threads
#   Decrease Java thread stack sizes (-Xss)
#   Set larger code cache with -XX:ReservedCodeCacheSize=
# This output file may be truncated or incomplete.
#
#  Out of Memory Error (os_linux.cpp:2638), pid=31610, tid=0x00007f78628a9700
#
# JRE version:  (8.0_111-b15) (build )
# Java VM: OpenJDK 64-Bit Server VM (25.111-b15 mixed mode linux-amd64 compressed oops)
# Failed to write core dump. Core dumps have been disabled. To enable core dumping, try "ulimit -c unlimited" before starting Java again
#

---------------  T H R E A D  ---------------

Current thread (0x00007f785c008800):  JavaThread "Unknown thread" [_thread_in_vm, id=31611, stack(0x00007f78627a9000,0x00007f78628aa000)]

Stack: [0x00007f78627a9000,0x00007f78628aa000],  sp=0x00007f78628a8580,  free space=1021k
Native frames: (J=compiled Java code, j=interpreted, Vv=VM code, C=native code)
V  [libjvm.so+0xa12cdd]
V  [libjvm.so+0x4c705a]
V  [libjvm.so+0x873c50]
V  [libjvm.so+0x86e34e]
V  [libjvm.so+0xa0fad4]
V  [libjvm.so+0x5b21a3]
V  [libjvm.so+0x4cef15]
V  [libjvm.so+0x5b34a3]
V  [libjvm.so+0x5a4458]
V  [libjvm.so+0x9dd4e9]
V  [libjvm.so+0x9dd6f2]
V  [libjvm.so+0x5f2305]
V  [libjvm.so+0x9c0dfe]
V  [libjvm.so+0x66524f]  JNI_CreateJavaVM+0x5f
C  [libjli.so+0x3057]
C  [libpthread.so.0+0x7dc5]  start_thread+0xc5


---------------  P R O C E S S  ---------------

Java Threads: ( => current thread )

Other Threads:

=>0x00007f785c008800 (exited) JavaThread "Unknown thread" [_thread_in_vm, id=31611, stack(0x00007f78627a9000,0x00007f78628aa000)]

VM state:not at safepoint (not fully initialized)

VM Mutex/Monitor currently owned by a thread: None

GC Heap History (0 events):
No events

Deoptimization events (0 events):
No events

Internal exceptions (0 events):
No events

Events (0 events):
No events


Dynamic libraries:
00400000-00401000 r-xp 00000000 ca:01 268731                             /usr/lib/jvm/java-1.8.0-openjdk-1.8.0.111-1.b15.el7_2.x86_64/jre/bin/java
00600000-00601000 r--p 00000000 ca:01 268731                             /usr/lib/jvm/java-1.8.0-openjdk-1.8.0.111-1.b15.el7_2.x86_64/jre/bin/java
00601000-00602000 rw-p 00001000 ca:01 268731                             /usr/lib/jvm/java-1.8.0-openjdk-1.8.0.111-1.b15.el7_2.x86_64/jre/bin/java
01f52000-01f73000 rw-p 00000000 00:00 0                                  [heap]
d26a0000-100000000 ---p 00000000 00:00 0 
7f784c222000-7f784c3e4000 ---p 00000000 00:00 0 
7f784c3e4000-7f784c3ef000 rw-p 00000000 00:00 0 
7f784c3ef000-7f784c7a5000 ---p 00000000 00:00 0 
7f784c7a5000-7f784ca15000 rwxp 00000000 00:00 0 
7f784ca15000-7f785b7a5000 ---p 00000000 00:00 0 
7f785b7a5000-7f785b7ad000 r-xp 00000000 ca:01 268775                     /usr/lib/jvm/java-1.8.0-openjdk-1.8.0.111-1.b15.el7_2.x86_64/jre/lib/amd64/libzip.so
7f785b7ad000-7f785b9ac000 ---p 00008000 ca:01 268775                     /usr/lib/jvm/java-1.8.0-openjdk-1.8.0.111-1.b15.el7_2.x86_64/jre/lib/amd64/libzip.so
7f785b9ac000-7f785b9ad000 r--p 00007000 ca:01 268775                     /usr/lib/jvm/java-1.8.0-openjdk-1.8.0.111-1.b15.el7_2.x86_64/jre/lib/amd64/libzip.so
7f785b9ad000-7f785b9ae000 rw-p 00008000 ca:01 268775                     /usr/lib/jvm/java-1.8.0-openjdk-1.8.0.111-1.b15.el7_2.x86_64/jre/lib/amd64/libzip.so
7f785b9ae000-7f785b9ba000 r-xp 00000000 ca:01 399121                     /usr/lib64/libnss_files-2.17.so
7f785b9ba000-7f785bbb9000 ---p 0000c000 ca:01 399121                     /usr/lib64/libnss_files-2.17.so
7f785bbb9000-7f785bbba000 r--p 0000b000 ca:01 399121                     /usr/lib64/libnss_files-2.17.so
7f785bbba000-7f785bbbb000 rw-p 0000c000 ca:01 399121                     /usr/lib64/libnss_files-2.17.so
7f785bbbb000-7f785bbc1000 rw-p 00000000 00:00 0 
7f785bbc1000-7f785bbee000 r-xp 00000000 ca:01 268758                     /usr/lib/jvm/java-1.8.0-openjdk-1.8.0.111-1.b15.el7_2.x86_64/jre/lib/amd64/libjava.so
7f785bbee000-7f785bdee000 ---p 0002d000 ca:01 268758                     /usr/lib/jvm/java-1.8.0-openjdk-1.8.0.111-1.b15.el7_2.x86_64/jre/lib/amd64/libjava.so
7f785bdee000-7f785bdef000 r--p 0002d000 ca:01 268758                     /usr/lib/jvm/java-1.8.0-openjdk-1.8.0.111-1.b15.el7_2.x86_64/jre/lib/amd64/libjava.so
7f785bdef000-7f785bdf1000 rw-p 0002e000 ca:01 268758                     /usr/lib/jvm/java-1.8.0-openjdk-1.8.0.111-1.b15.el7_2.x86_64/jre/lib/amd64/libjava.so
7f785bdf1000-7f785bdfe000 r-xp 00000000 ca:01 268774                     /usr/lib/jvm/java-1.8.0-openjdk-1.8.0.111-1.b15.el7_2.x86_64/jre/lib/amd64/libverify.so
7f785bdfe000-7f785bffd000 ---p 0000d000 ca:01 268774                     /usr/lib/jvm/java-1.8.0-openjdk-1.8.0.111-1.b15.el7_2.x86_64/jre/lib/amd64/libverify.so
7f785bffd000-7f785bfff000 r--p 0000c000 ca:01 268774                     /usr/lib/jvm/java-1.8.0-openjdk-1.8.0.111-1.b15.el7_2.x86_64/jre/lib/amd64/libverify.so
7f785bfff000-7f785c000000 rw-p 0000e000 ca:01 268774                     /usr/lib/jvm/java-1.8.0-openjdk-1.8.0.111-1.b15.el7_2.x86_64/jre/lib/amd64/libverify.so
7f785c000000-7f785c02e000 rw-p 00000000 00:00 0 
7f785c02e000-7f7860000000 ---p 00000000 00:00 0 
7f786015f000-7f7860166000 r-xp 00000000 ca:01 398727                     /usr/lib64/librt-2.17.so
7f7860166000-7f7860365000 ---p 00007000 ca:01 398727                     /usr/lib64/librt-2.17.so
7f7860365000-7f7860366000 r--p 00006000 ca:01 398727                     /usr/lib64/librt-2.17.so
7f7860366000-7f7860367000 rw-p 00007000 ca:01 398727                     /usr/lib64/librt-2.17.so
7f7860367000-7f786037c000 r-xp 00000000 ca:01 401336                     /usr/lib64/libgcc_s-4.8.5-20150702.so.1
7f786037c000-7f786057b000 ---p 00015000 ca:01 401336                     /usr/lib64/libgcc_s-4.8.5-20150702.so.1
7f786057b000-7f786057c000 r--p 00014000 ca:01 401336                     /usr/lib64/libgcc_s-4.8.5-20150702.so.1
7f786057c000-7f786057d000 rw-p 00015000 ca:01 401336                     /usr/lib64/libgcc_s-4.8.5-20150702.so.1
7f786057d000-7f786067e000 r-xp 00000000 ca:01 399067                     /usr/lib64/libm-2.17.so
7f786067e000-7f786087d000 ---p 00101000 ca:01 399067                     /usr/lib64/libm-2.17.so
7f786087d000-7f786087e000 r--p 00100000 ca:01 399067                     /usr/lib64/libm-2.17.so
7f786087e000-7f786087f000 rw-p 00101000 ca:01 399067                     /usr/lib64/libm-2.17.so
7f786087f000-7f7860968000 r-xp 00000000 ca:01 398912                     /usr/lib64/libstdc++.so.6.0.19
7f7860968000-7f7860b68000 ---p 000e9000 ca:01 398912                     /usr/lib64/libstdc++.so.6.0.19
7f7860b68000-7f7860b70000 r--p 000e9000 ca:01 398912                     /usr/lib64/libstdc++.so.6.0.19
7f7860b70000-7f7860b72000 rw-p 000f1000 ca:01 398912                     /usr/lib64/libstdc++.so.6.0.19
7f7860b72000-7f7860b87000 rw-p 00000000 00:00 0 
7f7860b87000-7f7861797000 r-xp 00000000 ca:01 268779                     /usr/lib/jvm/java-1.8.0-openjdk-1.8.0.111-1.b15.el7_2.x86_64/jre/lib/amd64/server/libjvm.so
7f7861797000-7f7861996000 ---p 00c10000 ca:01 268779                     /usr/lib/jvm/java-1.8.0-openjdk-1.8.0.111-1.b15.el7_2.x86_64/jre/lib/amd64/server/libjvm.so
7f7861996000-7f7861a35000 r--p 00c0f000 ca:01 268779                     /usr/lib/jvm/java-1.8.0-openjdk-1.8.0.111-1.b15.el7_2.x86_64/jre/lib/amd64/server/libjvm.so
7f7861a35000-7f7861a5e000 rw-p 00cae000 ca:01 268779                     /usr/lib/jvm/java-1.8.0-openjdk-1.8.0.111-1.b15.el7_2.x86_64/jre/lib/amd64/server/libjvm.so
7f7861a5e000-7f7861a90000 rw-p 00000000 00:00 0 
7f7861a90000-7f7861c47000 r-xp 00000000 ca:01 398763                     /usr/lib64/libc-2.17.so
7f7861c47000-7f7861e47000 ---p 001b7000 ca:01 398763                     /usr/lib64/libc-2.17.so
7f7861e47000-7f7861e4b000 r--p 001b7000 ca:01 398763                     /usr/lib64/libc-2.17.so
7f7861e4b000-7f7861e4d000 rw-p 001bb000 ca:01 398763                     /usr/lib64/libc-2.17.so
7f7861e4d000-7f7861e52000 rw-p 00000000 00:00 0 
7f7861e52000-7f7861e55000 r-xp 00000000 ca:01 401099                     /usr/lib64/libdl-2.17.so
7f7861e55000-7f7862054000 ---p 00003000 ca:01 401099                     /usr/lib64/libdl-2.17.so
7f7862054000-7f7862055000 r--p 00002000 ca:01 401099                     /usr/lib64/libdl-2.17.so
7f7862055000-7f7862056000 rw-p 00003000 ca:01 401099                     /usr/lib64/libdl-2.17.so
7f7862056000-7f7862064000 r-xp 00000000 ca:01 268745                     /usr/lib/jvm/java-1.8.0-openjdk-1.8.0.111-1.b15.el7_2.x86_64/jre/lib/amd64/jli/libjli.so
7f7862064000-7f7862263000 ---p 0000e000 ca:01 268745                     /usr/lib/jvm/java-1.8.0-openjdk-1.8.0.111-1.b15.el7_2.x86_64/jre/lib/amd64/jli/libjli.so
7f7862263000-7f7862264000 r--p 0000d000 ca:01 268745                     /usr/lib/jvm/java-1.8.0-openjdk-1.8.0.111-1.b15.el7_2.x86_64/jre/lib/amd64/jli/libjli.so
7f7862264000-7f7862265000 rw-p 0000e000 ca:01 268745                     /usr/lib/jvm/java-1.8.0-openjdk-1.8.0.111-1.b15.el7_2.x86_64/jre/lib/amd64/jli/libjli.so
7f7862265000-7f786227a000 r-xp 00000000 ca:01 401120                     /usr/lib64/libz.so.1.2.7
7f786227a000-7f7862479000 ---p 00015000 ca:01 401120                     /usr/lib64/libz.so.1.2.7
7f7862479000-7f786247a000 r--p 00014000 ca:01 401120                     /usr/lib64/libz.so.1.2.7
7f786247a000-7f786247b000 rw-p 00015000 ca:01 401120                     /usr/lib64/libz.so.1.2.7
7f786247b000-7f7862491000 r-xp 00000000 ca:01 399086                     /usr/lib64/libpthread-2.17.so
7f7862491000-7f7862691000 ---p 00016000 ca:01 399086                     /usr/lib64/libpthread-2.17.so
7f7862691000-7f7862692000 r--p 00016000 ca:01 399086                     /usr/lib64/libpthread-2.17.so
7f7862692000-7f7862693000 rw-p 00017000 ca:01 399086                     /usr/lib64/libpthread-2.17.so
7f7862693000-7f7862697000 rw-p 00000000 00:00 0 
7f7862697000-7f78626b8000 r-xp 00000000 ca:01 405022                     /usr/lib64/ld-2.17.so
7f78627a1000-7f78627a9000 rw-s 00000000 ca:01 277739                     /tmp/hsperfdata_root/31610
7f78627a9000-7f78627ac000 ---p 00000000 00:00 0 
7f78627ac000-7f78628af000 rw-p 00000000 00:00 0                          [stack:31611]
7f78628b2000-7f78628b6000 rw-p 00000000 00:00 0 
7f78628b6000-7f78628b7000 r--p 00000000 00:00 0 
7f78628b7000-7f78628b8000 rw-p 00000000 00:00 0 
7f78628b8000-7f78628b9000 r--p 00021000 ca:01 405022                     /usr/lib64/ld-2.17.so
7f78628b9000-7f78628ba000 rw-p 00022000 ca:01 405022                     /usr/lib64/ld-2.17.so
7f78628ba000-7f78628bb000 rw-p 00000000 00:00 0 
7fff62774000-7fff62795000 rw-p 00000000 00:00 0                          [stack]
7fff627a6000-7fff627a8000 r-xp 00000000 00:00 0                          [vdso]
ffffffffff600000-ffffffffff601000 r-xp 00000000 00:00 0                  [vsyscall]

VM Arguments:
jvm_args: -Xmx900M -Xms512M 
java_command: spigot-1.11.jar nogui
java_class_path (initial): spigot-1.11.jar
Launcher Type: SUN_STANDARD

Environment Variables:
PATH=/usr/local/sbin:/usr/local/bin:/usr/sbin:/usr/bin
SHELL=/usr/bin/fish

Signal Handlers:
SIGSEGV: [libjvm.so+0xa137f0], sa_mask[0]=11111111011111111101111111111110, sa_flags=SA_RESTART|SA_SIGINFO
SIGBUS: [libjvm.so+0xa137f0], sa_mask[0]=11111111011111111101111111111110, sa_flags=SA_RESTART|SA_SIGINFO
SIGFPE: [libjvm.so+0x86f510], sa_mask[0]=11111111011111111101111111111110, sa_flags=SA_RESTART|SA_SIGINFO
SIGPIPE: [libjvm.so+0x86f510], sa_mask[0]=11111111011111111101111111111110, sa_flags=SA_RESTART|SA_SIGINFO
SIGXFSZ: [libjvm.so+0x86f510], sa_mask[0]=11111111011111111101111111111110, sa_flags=SA_RESTART|SA_SIGINFO
SIGILL: [libjvm.so+0x86f510], sa_mask[0]=11111111011111111101111111111110, sa_flags=SA_RESTART|SA_SIGINFO
SIGUSR1: SIG_DFL, sa_mask[0]=00000000000000000000000000000000, sa_flags=none
SIGUSR2: [libjvm.so+0x86f3c0], sa_mask[0]=00100000000000000000000000000000, sa_flags=SA_RESTART|SA_SIGINFO
SIGHUP: SIG_DFL, sa_mask[0]=00000000000000000000000000000000, sa_flags=none
SIGINT: SIG_DFL, sa_mask[0]=00000000000000000000000000000000, sa_flags=none
SIGTERM: SIG_DFL, sa_mask[0]=00000000000000000000000000000000, sa_flags=none
SIGQUIT: SIG_DFL, sa_mask[0]=00000000000000000000000000000000, sa_flags=none


---------------  S Y S T E M  ---------------

OS:CentOS Linux release 7.2.1511 (Core) 

uname:Linux 3.10.0-327.22.2.el7.x86_64 #1 SMP Thu Jun 23 17:05:11 UTC 2016 x86_64
libc:glibc 2.17 NPTL 2.17 
rlimit: STACK 8192k, CORE 0k, NPROC 3895, NOFILE 65535, AS infinity
load average:0.08 0.14 0.16

/proc/meminfo:
MemTotal:        1015476 kB
MemFree:           62212 kB
MemAvailable:      44888 kB
Buffers:            7552 kB
Cached:            55856 kB
SwapCached:            0 kB
Active:           868280 kB
Inactive:          33504 kB
Active(anon):     838552 kB
Inactive(anon):      148 kB
Active(file):      29728 kB
Inactive(file):    33356 kB
Unevictable:           0 kB
Mlocked:               0 kB
SwapTotal:             0 kB
SwapFree:              0 kB
Dirty:               320 kB
Writeback:             0 kB
AnonPages:        838392 kB
Mapped:            25728 kB
Shmem:               304 kB
Slab:              26072 kB
SReclaimable:      14884 kB
SUnreclaim:        11188 kB
KernelStack:        2928 kB
PageTables:         5992 kB
NFS_Unstable:          0 kB
Bounce:                0 kB
WritebackTmp:          0 kB
CommitLimit:      507736 kB
Committed_AS:    1018356 kB
VmallocTotal:   34359738367 kB
VmallocUsed:        7060 kB
VmallocChunk:   34359728379 kB
HardwareCorrupted:     0 kB
AnonHugePages:    495616 kB
HugePages_Total:       0
HugePages_Free:        0
HugePages_Rsvd:        0
HugePages_Surp:        0
Hugepagesize:       2048 kB
DirectMap4k:       51200 kB
DirectMap2M:      997376 kB


CPU:total 1 (32 cores per cpu, 2 threads per core) family 6 model 45 stepping 7, cmov, cx8, fxsr, mmx, sse, sse2, sse3, ssse3, sse4.1, sse4.2, popcnt, aes, ht, tsc

/proc/cpuinfo:
processor	: 0
vendor_id	: GenuineIntel
cpu family	: 6
model		: 45
model name	: Intel(R) Xeon(R) CPU E5-2630 0 @ 2.30GHz
stepping	: 7
microcode	: 0x70d
cpu MHz		: 2300.090
cache size	: 15360 KB
physical id	: 0
siblings	: 1
core id		: 0
cpu cores	: 1
apicid		: 0
initial apicid	: 0
fpu		: yes
fpu_exception	: yes
cpuid level	: 13
wp		: yes
flags		: fpu vme de pse tsc msr pae mce cx8 apic sep mtrr pge mca cmov pat clflush mmx fxsr sse sse2 ht syscall nx rdtscp lm constant_tsc rep_good nopl pni ssse3 cx16 sse4_1 sse4_2 popcnt aes hypervisor lahf_lm
bogomips	: 4600.18
clflush size	: 64
cache_alignment	: 64
address sizes	: 46 bits physical, 48 bits virtual
power management:



Memory: 4k page, physical 1015476k(62212k free), swap 0k(0k free)

vm_info: OpenJDK 64-Bit Server VM (25.111-b15) for linux-amd64 JRE (1.8.0_111-b15), built on Oct 19 2016 15:38:36 by "mockbuild" with gcc 4.8.5 20150623 (Red Hat 4.8.5-4)

time: Mon Dec 12 22:55:36 2016
elapsed time: 0 seconds (0d 0h 0m 0s)

