[16:45:57] [Server thread/INFO]: Starting minecraft server version 1.11
[16:45:57] [Server thread/INFO]: Loading properties
[16:45:57] [Server thread/INFO]: Default game type: SURVIVAL
[16:45:58] [Server thread/INFO]: This server is running CraftBukkit version git-Spigot-f950f8e-c4baa9c (MC: 1.11) (Implementing API version 1.11-R0.1-SNAPSHOT)
[16:45:58] [Server thread/INFO]: Unable to find file banned-players.json, creating it.
[16:45:58] [Server thread/INFO]: Unable to find file banned-ips.json, creating it.
[16:45:58] [Server thread/INFO]: Unable to find file ops.json, creating it.
[16:45:58] [Server thread/INFO]: Unable to find file whitelist.json, creating it.
[16:45:58] [Server thread/INFO]: Server Ping Player Sample Count: 12
[16:45:58] [Server thread/INFO]: Using 4 threads for Netty based IO
[16:45:58] [Server thread/INFO]: Debug logging is disabled
[16:45:58] [Server thread/INFO]: Generating keypair
[16:45:58] [Server thread/INFO]: Starting Minecraft server on *:25565
[16:45:58] [Server thread/INFO]: Using epoll channel type
[16:45:59] [Server thread/INFO]: **** Beginning UUID conversion, this may take A LONG time ****
[16:45:59] [Server thread/INFO]: Preparing level "world"
[16:45:59] [Server thread/INFO]: -------- World Settings For [world] --------
[16:45:59] [Server thread/INFO]: Cactus Growth Modifier: 100%
[16:45:59] [Server thread/INFO]: Cane Growth Modifier: 100%
[16:45:59] [Server thread/INFO]: Melon Growth Modifier: 100%
[16:45:59] [Server thread/INFO]: Mushroom Growth Modifier: 100%
[16:45:59] [Server thread/INFO]: Pumpkin Growth Modifier: 100%
[16:45:59] [Server thread/INFO]: Sapling Growth Modifier: 100%
[16:45:59] [Server thread/INFO]: Wheat Growth Modifier: 100%
[16:45:59] [Server thread/INFO]: NetherWart Growth Modifier: 100%
[16:45:59] [Server thread/INFO]: Vine Growth Modifier: 100%
[16:45:59] [Server thread/INFO]: Cocoa Growth Modifier: 100%
[16:45:59] [Server thread/INFO]: Entity Activation Range: An 32 / Mo 32 / Mi 16
[16:45:59] [Server thread/INFO]: Entity Tracking Range: Pl 48 / An 48 / Mo 48 / Mi 32 / Other 64
[16:45:59] [Server thread/INFO]: Mob Spawn Range: 4
[16:45:59] [Server thread/INFO]: Hopper Transfer: 8 Hopper Check: 8 Hopper Amount: 1
[16:45:59] [Server thread/INFO]: Random Lighting Updates: false
[16:45:59] [Server thread/INFO]: Structure Info Saving: true
[16:45:59] [Server thread/INFO]: Custom Map Seeds:  Village: 10387312 Feature: 14357617
[16:45:59] [Server thread/INFO]: Max TNT Explosions: 100
[16:45:59] [Server thread/INFO]: Tile Max Tick Time: 50ms Entity max Tick Time: 50ms
[16:45:59] [Server thread/INFO]: Item Despawn Rate: 6000
[16:45:59] [Server thread/INFO]: Item Merge Radius: 2.5
[16:45:59] [Server thread/INFO]: Arrow Despawn Rate: 1200
[16:45:59] [Server thread/INFO]: Allow Zombie Pigmen to spawn from portal blocks: true
[16:45:59] [Server thread/INFO]: View Distance: 10
[16:45:59] [Server thread/INFO]: Experience Merge Radius: 3.0
[16:45:59] [Server thread/INFO]: Zombie Aggressive Towards Villager: true
[16:45:59] [Server thread/INFO]: Nerfing mobs spawned from spawners: false
[16:46:01] [Server thread/INFO]: -------- World Settings For [world_nether] --------
[16:46:01] [Server thread/INFO]: Cactus Growth Modifier: 100%
[16:46:01] [Server thread/INFO]: Cane Growth Modifier: 100%
[16:46:01] [Server thread/INFO]: Melon Growth Modifier: 100%
[16:46:01] [Server thread/INFO]: Mushroom Growth Modifier: 100%
[16:46:01] [Server thread/INFO]: Pumpkin Growth Modifier: 100%
[16:46:01] [Server thread/INFO]: Sapling Growth Modifier: 100%
[16:46:01] [Server thread/INFO]: Wheat Growth Modifier: 100%
[16:46:01] [Server thread/INFO]: NetherWart Growth Modifier: 100%
[16:46:01] [Server thread/INFO]: Vine Growth Modifier: 100%
[16:46:01] [Server thread/INFO]: Cocoa Growth Modifier: 100%
[16:46:01] [Server thread/INFO]: Entity Activation Range: An 32 / Mo 32 / Mi 16
[16:46:01] [Server thread/INFO]: Entity Tracking Range: Pl 48 / An 48 / Mo 48 / Mi 32 / Other 64
[16:46:01] [Server thread/INFO]: Mob Spawn Range: 4
[16:46:01] [Server thread/INFO]: Hopper Transfer: 8 Hopper Check: 8 Hopper Amount: 1
[16:46:01] [Server thread/INFO]: Random Lighting Updates: false
[16:46:01] [Server thread/INFO]: Structure Info Saving: true
[16:46:01] [Server thread/INFO]: Custom Map Seeds:  Village: 10387312 Feature: 14357617
[16:46:01] [Server thread/INFO]: Max TNT Explosions: 100
[16:46:01] [Server thread/INFO]: Tile Max Tick Time: 50ms Entity max Tick Time: 50ms
[16:46:01] [Server thread/INFO]: Item Despawn Rate: 6000
[16:46:01] [Server thread/INFO]: Item Merge Radius: 2.5
[16:46:01] [Server thread/INFO]: Arrow Despawn Rate: 1200
[16:46:01] [Server thread/INFO]: Allow Zombie Pigmen to spawn from portal blocks: true
[16:46:01] [Server thread/INFO]: View Distance: 10
[16:46:01] [Server thread/INFO]: Experience Merge Radius: 3.0
[16:46:01] [Server thread/INFO]: Zombie Aggressive Towards Villager: true
[16:46:01] [Server thread/INFO]: Nerfing mobs spawned from spawners: false
[16:46:01] [Server thread/INFO]: -------- World Settings For [world_the_end] --------
[16:46:01] [Server thread/INFO]: Cactus Growth Modifier: 100%
[16:46:01] [Server thread/INFO]: Cane Growth Modifier: 100%
[16:46:01] [Server thread/INFO]: Melon Growth Modifier: 100%
[16:46:01] [Server thread/INFO]: Mushroom Growth Modifier: 100%
[16:46:01] [Server thread/INFO]: Pumpkin Growth Modifier: 100%
[16:46:01] [Server thread/INFO]: Sapling Growth Modifier: 100%
[16:46:01] [Server thread/INFO]: Wheat Growth Modifier: 100%
[16:46:01] [Server thread/INFO]: NetherWart Growth Modifier: 100%
[16:46:01] [Server thread/INFO]: Vine Growth Modifier: 100%
[16:46:01] [Server thread/INFO]: Cocoa Growth Modifier: 100%
[16:46:01] [Server thread/INFO]: Entity Activation Range: An 32 / Mo 32 / Mi 16
[16:46:01] [Server thread/INFO]: Entity Tracking Range: Pl 48 / An 48 / Mo 48 / Mi 32 / Other 64
[16:46:01] [Server thread/INFO]: Mob Spawn Range: 4
[16:46:01] [Server thread/INFO]: Hopper Transfer: 8 Hopper Check: 8 Hopper Amount: 1
[16:46:01] [Server thread/INFO]: Random Lighting Updates: false
[16:46:01] [Server thread/INFO]: Structure Info Saving: true
[16:46:01] [Server thread/INFO]: Custom Map Seeds:  Village: 10387312 Feature: 14357617
[16:46:01] [Server thread/INFO]: Max TNT Explosions: 100
[16:46:01] [Server thread/INFO]: Tile Max Tick Time: 50ms Entity max Tick Time: 50ms
[16:46:01] [Server thread/INFO]: Item Despawn Rate: 6000
[16:46:01] [Server thread/INFO]: Item Merge Radius: 2.5
[16:46:01] [Server thread/INFO]: Arrow Despawn Rate: 1200
[16:46:01] [Server thread/INFO]: Allow Zombie Pigmen to spawn from portal blocks: true
[16:46:01] [Server thread/INFO]: View Distance: 10
[16:46:01] [Server thread/INFO]: Experience Merge Radius: 3.0
[16:46:01] [Server thread/INFO]: Zombie Aggressive Towards Villager: true
[16:46:01] [Server thread/INFO]: Nerfing mobs spawned from spawners: false
[16:46:01] [Server thread/INFO]: Preparing start region for level 0 (Seed: -2959737147516242519)
[16:46:03] [Server thread/INFO]: Preparing spawn area: 4%
[16:46:04] [Server thread/INFO]: Preparing spawn area: 6%
[16:46:05] [Server thread/INFO]: Preparing spawn area: 8%
[16:46:06] [Server thread/INFO]: Preparing spawn area: 10%
[16:46:07] [Server thread/INFO]: Preparing spawn area: 13%
[16:46:08] [Server thread/INFO]: Preparing spawn area: 16%
[16:46:09] [Server thread/INFO]: Preparing spawn area: 19%
[16:46:10] [Server thread/INFO]: Preparing spawn area: 21%
[16:46:11] [Server thread/INFO]: Preparing spawn area: 24%
[16:46:12] [Server thread/INFO]: Preparing spawn area: 28%
[16:46:13] [Server thread/INFO]: Preparing spawn area: 31%
[16:46:14] [Server thread/INFO]: Preparing spawn area: 34%
[16:46:15] [Server thread/INFO]: Preparing spawn area: 37%
[16:46:16] [Server thread/INFO]: Preparing spawn area: 40%
[16:46:17] [Server thread/INFO]: Preparing spawn area: 44%
[16:46:18] [Server thread/INFO]: Preparing spawn area: 47%
[16:46:19] [Server thread/INFO]: Preparing spawn area: 51%
[16:46:20] [Server thread/INFO]: Preparing spawn area: 55%
[16:46:21] [Server thread/INFO]: Preparing spawn area: 61%
[16:46:22] [Server thread/INFO]: Preparing spawn area: 66%
[16:46:23] [Server thread/INFO]: Preparing spawn area: 71%
[16:46:24] [Server thread/INFO]: Preparing spawn area: 78%
[16:46:25] [Server thread/INFO]: Preparing spawn area: 85%
[16:46:26] [Server thread/INFO]: Preparing spawn area: 91%
[16:46:27] [Server thread/INFO]: Preparing start region for level 1 (Seed: -2959737147516242519)
[16:46:28] [Server thread/INFO]: Preparing spawn area: 7%
[16:46:29] [Server thread/INFO]: Preparing spawn area: 12%
[16:46:31] [Server thread/INFO]: Preparing spawn area: 16%
[16:46:32] [Server thread/INFO]: Preparing spawn area: 24%
[16:46:33] [Server thread/INFO]: Preparing spawn area: 29%
[16:46:34] [Server thread/INFO]: Preparing spawn area: 40%
[16:46:35] [Server thread/INFO]: Preparing spawn area: 51%
[16:46:36] [Server thread/INFO]: Preparing spawn area: 62%
[16:46:37] [Server thread/INFO]: Preparing spawn area: 74%
[16:46:38] [Server thread/INFO]: Preparing spawn area: 83%
[16:46:39] [Server thread/INFO]: Preparing spawn area: 96%
[16:46:39] [Server thread/INFO]: Preparing start region for level 2 (Seed: -2959737147516242519)
[16:46:40] [Server thread/INFO]: Preparing spawn area: 26%
[16:46:41] [Server thread/INFO]: Preparing spawn area: 54%
[16:46:42] [Server thread/INFO]: Preparing spawn area: 80%
[16:46:43] [Server thread/INFO]: Done (44.170s)! For help, type "help" or "?"
[16:46:48] [Thread-4/INFO]: Stopping server
